{"level":"info","message":"DB created: C:\\Users\\rb620099\\Downloads\\Market projet\\Market123\\backend\\data\\ayiti_market.db","timestamp":"2026-05-06 08:01:44"}
{"level":"info","message":"Schema initialized","timestamp":"2026-05-06 08:01:44"}
{"level":"info","message":"Admin created: admin@ayitimarket.com / admin","timestamp":"2026-05-06 08:01:44"}
{"level":"info","message":"AyitiMarket API:  http://localhost:4000","timestamp":"2026-05-06 08:01:44"}
{"level":"info","message":"WebSocket:        ws://localhost:4000/ws","timestamp":"2026-05-06 08:01:44"}
{"level":"info","message":"Admin login:      admin@ayitimarket.com / Admin2024!","timestamp":"2026-05-06 08:01:44"}
{"level":"info","message":"Seeded 10 sample markets","timestamp":"2026-05-06 08:01:44"}
{"level":"info","message":"GET /api/v1/auth/me 401 26 - 8.936 ms","timestamp":"2026-05-06 08:01:56"}
{"level":"info","message":"GET /api/v1/auth/me 401 26 - 0.885 ms","timestamp":"2026-05-06 08:01:56"}
{"level":"info","message":"WS connected: ::1","timestamp":"2026-05-06 08:01:56"}
{"level":"info","message":"GET /api/v1/markets/sekirite-pap-gang-40-pct 200 791 - 6.854 ms","timestamp":"2026-05-06 08:01:56"}
{"level":"info","message":"WS connected: ::1","timestamp":"2026-05-06 08:01:56"}
{"level":"info","message":"GET /api/v1/markets/sekirite-pap-gang-40-pct 304 - - 1.583 ms","timestamp":"2026-05-06 08:01:56"}
{"level":"info","message":"WS connected: ::1","timestamp":"2026-05-06 08:01:56"}
{"level":"info","message":"GET /api/v1/markets/a47a8992-8188-4ec1-bb09-f1033be9dd6a/price-history?hours=168 200 - - 2.668 ms","timestamp":"2026-05-06 08:01:56"}
{"level":"info","message":"GET /api/v1/markets/a47a8992-8188-4ec1-bb09-f1033be9dd6a/price-history?hours=168 304 - - 1.521 ms","timestamp":"2026-05-06 08:01:56"}
{"level":"info","message":"POST /api/v1/auth/detect 200 50 - 5.999 ms","timestamp":"2026-05-06 08:02:07"}
{"level":"warn","message":"Failed login: rzault@digicelgroup.com (email)","timestamp":"2026-05-06 08:02:08"}
{"level":"info","message":"POST /api/v1/auth/login 401 46 - 5.100 ms","timestamp":"2026-05-06 08:02:08"}
{"level":"info","message":"DB loaded: C:\\Users\\rb620099\\Downloads\\Market projet\\Market123\\backend\\data\\ayiti_market.db","timestamp":"2026-05-06 08:05:04"}
{"level":"info","message":"Schema initialized","timestamp":"2026-05-06 08:05:04"}
{"level":"info","message":"Admin password synced: admin@ayitimarket.com","timestamp":"2026-05-06 08:05:05"}
{"level":"info","message":"AyitiMarket API:  http://localhost:4000","timestamp":"2026-05-06 08:05:05"}
{"level":"info","message":"WebSocket:        ws://localhost:4000/ws","timestamp":"2026-05-06 08:05:05"}
{"level":"info","message":"Admin login:      admin@ayitimarket.com / Admin2024!","timestamp":"2026-05-06 08:05:05"}
{"level":"info","message":"GET /api/v1/auth/me 401 26 - 11.071 ms","timestamp":"2026-05-06 08:05:40"}
{"level":"info","message":"GET /api/v1/auth/me 401 26 - 1.249 ms","timestamp":"2026-05-06 08:05:41"}
{"level":"warn","message":"Failed login: rzault@digicelgroup.com (email)","timestamp":"2026-05-06 08:05:42"}
{"level":"info","message":"POST /api/v1/auth/login 401 46 - 11.347 ms","timestamp":"2026-05-06 08:05:42"}
{"level":"warn","message":"Failed login: rzault@digicelgroup.com (email)","timestamp":"2026-05-06 08:05:42"}
{"level":"info","message":"POST /api/v1/auth/login 401 46 - 5.806 ms","timestamp":"2026-05-06 08:05:42"}
{"level":"info","message":"POST /api/v1/auth/detect 200 50 - 1.121 ms","timestamp":"2026-05-06 08:05:42"}
{"level":"info","message":"Registered: richobrezault725 via email","timestamp":"2026-05-06 08:05:48"}
{"level":"info","message":"POST /api/v1/auth/register 201 598 - 499.088 ms","timestamp":"2026-05-06 08:05:48"}
{"level":"info","message":"WS connected: ::1","timestamp":"2026-05-06 08:05:48"}
{"level":"info","message":"GET /api/v1/wallet/transactions?limit=5 200 2 - 5.873 ms","timestamp":"2026-05-06 08:05:48"}
{"level":"info","message":"GET /api/v1/markets?status=active&limit=50&sort=volume 200 - - 9.089 ms","timestamp":"2026-05-06 08:05:48"}
{"level":"info","message":"WS connected: ::1","timestamp":"2026-05-06 08:05:48"}
{"level":"info","message":"GET /api/v1/wallet/transactions?limit=5 304 - - 1.534 ms","timestamp":"2026-05-06 08:05:49"}
{"level":"info","message":"GET /api/v1/markets?status=active&limit=50&sort=volume 304 - - 2.030 ms","timestamp":"2026-05-06 08:05:49"}
{"level":"info","message":"WS connected: ::1","timestamp":"2026-05-06 08:05:54"}
{"level":"info","message":"GET /api/v1/markets/sekirite-pap-gang-40-pct 304 - - 2.454 ms","timestamp":"2026-05-06 08:05:54"}
{"level":"info","message":"WS connected: ::1","timestamp":"2026-05-06 08:05:54"}
{"level":"info","message":"GET /api/v1/markets/sekirite-pap-gang-40-pct 304 - - 1.411 ms","timestamp":"2026-05-06 08:05:54"}
{"level":"info","message":"WS connected: ::1","timestamp":"2026-05-06 08:05:54"}
{"level":"info","message":"GET /api/v1/markets/a47a8992-8188-4ec1-bb09-f1033be9dd6a/price-history?hours=168 304 - - 1.167 ms","timestamp":"2026-05-06 08:05:54"}
{"level":"info","message":"GET /api/v1/markets/a47a8992-8188-4ec1-bb09-f1033be9dd6a/price-history?hours=168 304 - - 1.171 ms","timestamp":"2026-05-06 08:05:54"}
{"level":"info","message":"WS connected: ::1","timestamp":"2026-05-06 08:09:36"}
{"level":"info","message":"GET /api/v1/markets/sekirite-pap-gang-40-pct 304 - - 1.431 ms","timestamp":"2026-05-06 08:09:36"}
{"level":"info","message":"GET /api/v1/markets/a47a8992-8188-4ec1-bb09-f1033be9dd6a/price-history?hours=168 304 - - 0.881 ms","timestamp":"2026-05-06 08:09:36"}
{"level":"info","message":"GET /api/v1/markets/a47a8992-8188-4ec1-bb09-f1033be9dd6a/price-history?hours=168 304 - - 0.740 ms","timestamp":"2026-05-06 08:09:36"}
{"level":"info","message":"WS connected: ::1","timestamp":"2026-05-06 08:09:38"}
{"level":"info","message":"GET /api/v1/markets/sekirite-pap-gang-40-pct 304 - - 0.921 ms","timestamp":"2026-05-06 08:09:38"}
{"level":"info","message":"GET /api/v1/markets/a47a8992-8188-4ec1-bb09-f1033be9dd6a/price-history?hours=168 304 - - 0.658 ms","timestamp":"2026-05-06 08:09:38"}
{"level":"info","message":"GET /api/v1/markets/a47a8992-8188-4ec1-bb09-f1033be9dd6a/price-history?hours=168 304 - - 1.226 ms","timestamp":"2026-05-06 08:09:38"}
{"level":"info","message":"WS connected: ::1","timestamp":"2026-05-06 08:09:39"}
{"level":"info","message":"GET /api/v1/markets/sekirite-pap-gang-40-pct 304 - - 0.734 ms","timestamp":"2026-05-06 08:09:39"}
{"level":"info","message":"GET /api/v1/markets/a47a8992-8188-4ec1-bb09-f1033be9dd6a/price-history?hours=168 304 - - 1.159 ms","timestamp":"2026-05-06 08:09:39"}
{"level":"info","message":"GET /api/v1/markets/a47a8992-8188-4ec1-bb09-f1033be9dd6a/price-history?hours=168 304 - - 1.625 ms","timestamp":"2026-05-06 08:09:39"}
{"level":"info","message":"WS connected: ::1","timestamp":"2026-05-06 08:09:45"}
{"level":"info","message":"GET /api/v1/markets/sekirite-pap-gang-40-pct 304 - - 0.664 ms","timestamp":"2026-05-06 08:09:45"}
{"level":"info","message":"GET /api/v1/markets/sekirite-pap-gang-40-pct 304 - - 0.745 ms","timestamp":"2026-05-06 08:09:45"}
{"level":"info","message":"WS connected: ::1","timestamp":"2026-05-06 08:09:45"}
{"level":"info","message":"GET /api/v1/markets/sekirite-pap-gang-40-pct 304 - - 0.741 ms","timestamp":"2026-05-06 08:09:45"}
{"level":"info","message":"GET /api/v1/markets/sekirite-pap-gang-40-pct 304 - - 0.652 ms","timestamp":"2026-05-06 08:09:45"}
{"level":"info","message":"WS connected: ::1","timestamp":"2026-05-06 08:09:45"}
{"level":"info","message":"GET /api/v1/markets/a47a8992-8188-4ec1-bb09-f1033be9dd6a/price-history?hours=168 304 - - 0.723 ms","timestamp":"2026-05-06 08:09:45"}
{"level":"info","message":"WS connected: ::1","timestamp":"2026-05-06 08:09:45"}
{"level":"info","message":"GET /api/v1/markets/a47a8992-8188-4ec1-bb09-f1033be9dd6a/price-history?hours=168 304 - - 0.714 ms","timestamp":"2026-05-06 08:09:45"}
{"level":"info","message":"GET /api/v1/auth/me 200 329 - 2.805 ms","timestamp":"2026-05-06 08:09:59"}
{"level":"info","message":"GET /api/v1/auth/me 304 - - 1.696 ms","timestamp":"2026-05-06 08:09:59"}
{"level":"info","message":"WS connected: ::1","timestamp":"2026-05-06 08:09:59"}
{"level":"info","message":"GET /api/v1/markets/sekirite-pap-gang-40-pct 304 - - 1.023 ms","timestamp":"2026-05-06 08:09:59"}
{"level":"info","message":"GET /api/v1/markets/sekirite-pap-gang-40-pct 304 - - 0.680 ms","timestamp":"2026-05-06 08:09:59"}
{"level":"info","message":"WS connected: ::1","timestamp":"2026-05-06 08:09:59"}
{"level":"info","message":"WS connected: ::1","timestamp":"2026-05-06 08:09:59"}
{"level":"info","message":"GET /api/v1/markets/a47a8992-8188-4ec1-bb09-f1033be9dd6a/price-history?hours=168 304 - - 0.831 ms","timestamp":"2026-05-06 08:09:59"}
{"level":"info","message":"GET /api/v1/markets/a47a8992-8188-4ec1-bb09-f1033be9dd6a/price-history?hours=168 304 - - 0.872 ms","timestamp":"2026-05-06 08:09:59"}
{"level":"info","message":"GET /api/v1/auth/me 304 - - 2.532 ms","timestamp":"2026-05-06 08:10:04"}
{"level":"info","message":"GET /api/v1/auth/me 304 - - 1.543 ms","timestamp":"2026-05-06 08:10:04"}
{"level":"info","message":"WS connected: ::1","timestamp":"2026-05-06 08:10:05"}
{"level":"info","message":"GET /api/v1/markets/sekirite-pap-gang-40-pct 304 - - 0.654 ms","timestamp":"2026-05-06 08:10:05"}
{"level":"info","message":"GET /api/v1/markets/sekirite-pap-gang-40-pct 304 - - 0.753 ms","timestamp":"2026-05-06 08:10:05"}
{"level":"info","message":"WS connected: ::1","timestamp":"2026-05-06 08:10:05"}
{"level":"info","message":"GET /api/v1/markets/a47a8992-8188-4ec1-bb09-f1033be9dd6a/price-history?hours=168 304 - - 1.004 ms","timestamp":"2026-05-06 08:10:05"}
{"level":"info","message":"GET /api/v1/markets/a47a8992-8188-4ec1-bb09-f1033be9dd6a/price-history?hours=168 304 - - 0.776 ms","timestamp":"2026-05-06 08:10:05"}
{"level":"info","message":"WS connected: ::1","timestamp":"2026-05-06 08:10:05"}
{"level":"info","message":"GET /api/v1/auth/me 200 329 - 1.796 ms","timestamp":"2026-05-06 08:12:47"}
{"level":"info","message":"GET /api/v1/auth/me 304 - - 1.094 ms","timestamp":"2026-05-06 08:12:47"}
{"level":"warn","message":"Failed login: richo.brezault@digicelgroup.com (email)","timestamp":"2026-05-06 08:12:49"}
{"level":"info","message":"POST /api/v1/auth/login 401 46 - 465.371 ms","timestamp":"2026-05-06 08:12:49"}
{"level":"info","message":"DB loaded: C:\\Users\\rb620099\\Downloads\\Market projet\\Market123\\backend\\data\\ayiti_market.db","timestamp":"2026-05-06 08:13:36"}
{"level":"info","message":"Schema initialized","timestamp":"2026-05-06 08:13:36"}
{"level":"info","message":"Admin password synced: admin@ayitimarket.com","timestamp":"2026-05-06 08:13:37"}
{"level":"info","message":"AyitiMarket API:  http://localhost:4000","timestamp":"2026-05-06 08:13:37"}
{"level":"info","message":"WebSocket:        ws://localhost:4000/ws","timestamp":"2026-05-06 08:13:37"}
{"level":"info","message":"Admin login:      admin@ayitimarket.com / Admin2024!","timestamp":"2026-05-06 08:13:37"}
{"level":"info","message":"WS connected: ::1","timestamp":"2026-05-06 08:13:37"}
{"level":"warn","message":"Failed login: admin@ayitimarket.com (email)","timestamp":"2026-05-06 08:14:23"}
{"level":"info","message":"POST /api/v1/auth/login 401 46 - 482.457 ms","timestamp":"2026-05-06 08:14:23"}
{"level":"warn","message":"Failed login: admin@ayitimarket.com (email)","timestamp":"2026-05-06 08:14:26"}
{"level":"info","message":"POST /api/v1/auth/login 401 46 - 454.892 ms","timestamp":"2026-05-06 08:14:26"}
{"level":"warn","message":"Failed login: admin@ayitimarket.com (email)","timestamp":"2026-05-06 08:14:34"}
{"level":"info","message":"POST /api/v1/auth/login 401 46 - 450.262 ms","timestamp":"2026-05-06 08:14:34"}
{"level":"warn","message":"Failed login: admin@ayitimarket.com (email)","timestamp":"2026-05-06 08:14:40"}
{"level":"info","message":"POST /api/v1/auth/login 401 46 - 456.689 ms","timestamp":"2026-05-06 08:14:40"}
{"level":"info","message":"Login: admin via email","timestamp":"2026-05-06 08:15:11"}
{"level":"info","message":"POST /api/v1/auth/login 200 577 - 473.435 ms","timestamp":"2026-05-06 08:15:11"}
{"level":"info","message":"GET /api/v1/admin/stats 200 255 - 4.647 ms","timestamp":"2026-05-06 08:15:11"}
{"level":"info","message":"GET /api/v1/admin/stats 304 - - 2.351 ms","timestamp":"2026-05-06 08:15:11"}
{"level":"info","message":"GET /api/v1/admin/transactions?limit=200 304 - - 2.538 ms","timestamp":"2026-05-06 08:15:13"}
{"level":"info","message":"GET /api/v1/admin/transactions?limit=200 304 - - 1.716 ms","timestamp":"2026-05-06 08:15:13"}
{"level":"info","message":"GET /api/v1/admin/users?limit=100 200 511 - 2.222 ms","timestamp":"2026-05-06 08:15:14"}
{"level":"info","message":"GET /api/v1/admin/users?limit=100 304 - - 2.156 ms","timestamp":"2026-05-06 08:15:14"}
{"level":"info","message":"PATCH /api/v1/admin/users/c2f83b73-dc00-4b9a-8d7f-c7974c7facfd 200 164 - 7.337 ms","timestamp":"2026-05-06 08:15:24"}
{"level":"info","message":"GET /api/v1/admin/users?limit=100 200 514 - 3.280 ms","timestamp":"2026-05-06 08:15:24"}
{"level":"info","message":"GET /api/v1/auth/me 200 325 - 5.680 ms","timestamp":"2026-05-06 08:15:29"}
{"level":"info","message":"GET /api/v1/auth/me 304 - - 2.835 ms","timestamp":"2026-05-06 08:15:29"}
{"level":"info","message":"GET /api/v1/markets/sekirite-pap-gang-40-pct 304 - - 1.862 ms","timestamp":"2026-05-06 08:15:29"}
{"level":"info","message":"WS connected: ::1","timestamp":"2026-05-06 08:15:29"}
{"level":"info","message":"GET /api/v1/markets/sekirite-pap-gang-40-pct 304 - - 1.607 ms","timestamp":"2026-05-06 08:15:29"}
{"level":"info","message":"GET /api/v1/markets/a47a8992-8188-4ec1-bb09-f1033be9dd6a/price-history?hours=168 304 - - 3.779 ms","timestamp":"2026-05-06 08:15:29"}
{"level":"info","message":"WS connected: ::1","timestamp":"2026-05-06 08:15:29"}
{"level":"info","message":"WS connected: ::1","timestamp":"2026-05-06 08:15:29"}
{"level":"info","message":"GET /api/v1/markets/a47a8992-8188-4ec1-bb09-f1033be9dd6a/price-history?hours=168 304 - - 1.085 ms","timestamp":"2026-05-06 08:15:29"}
{"level":"info","message":"POST /api/v1/auth/logout 200 23 - 0.707 ms","timestamp":"2026-05-06 08:15:52"}
{"level":"info","message":"WS connected: ::1","timestamp":"2026-05-06 08:15:52"}
{"level":"info","message":"GET /api/v1/markets?status=active&limit=50&sort=volume 304 - - 4.692 ms","timestamp":"2026-05-06 08:15:52"}
{"level":"info","message":"GET /api/v1/wallet/transactions?limit=5 401 26 - 0.527 ms","timestamp":"2026-05-06 08:15:52"}
{"level":"info","message":"GET /api/v1/markets?status=active&limit=50&sort=volume 304 - - 6.667 ms","timestamp":"2026-05-06 08:15:52"}
{"level":"info","message":"WS connected: ::1","timestamp":"2026-05-06 08:15:52"}
{"level":"info","message":"GET /api/v1/wallet/transactions?limit=5 401 26 - 0.864 ms","timestamp":"2026-05-06 08:15:52"}
{"level":"info","message":"POST /api/v1/auth/refresh 401 33 - 0.501 ms","timestamp":"2026-05-06 08:15:52"}
{"level":"info","message":"POST /api/v1/auth/detect 200 50 - 0.472 ms","timestamp":"2026-05-06 08:15:54"}
{"level":"info","message":"POST /api/v1/auth/detect 200 46 - 0.623 ms","timestamp":"2026-05-06 08:15:58"}
{"level":"warn","message":"Failed login: richobrezault354 (username)","timestamp":"2026-05-06 08:15:58"}
{"level":"info","message":"POST /api/v1/auth/login 401 46 - 3.220 ms","timestamp":"2026-05-06 08:15:58"}
{"level":"warn","message":"Failed login: richobrezault354 (username)","timestamp":"2026-05-06 08:16:03"}
{"level":"info","message":"POST /api/v1/auth/login 401 46 - 1.411 ms","timestamp":"2026-05-06 08:16:03"}
{"level":"info","message":"POST /api/v1/auth/detect 200 46 - 0.544 ms","timestamp":"2026-05-06 08:16:20"}
{"level":"info","message":"POST /api/v1/auth/detect 200 46 - 0.424 ms","timestamp":"2026-05-06 08:16:21"}
{"level":"info","message":"POST /api/v1/auth/detect 200 45 - 0.582 ms","timestamp":"2026-05-06 08:16:22"}
{"level":"info","message":"POST /api/v1/auth/detect 200 46 - 0.689 ms","timestamp":"2026-05-06 08:16:23"}
{"level":"info","message":"POST /api/v1/auth/detect 200 45 - 0.398 ms","timestamp":"2026-05-06 08:16:24"}
{"level":"info","message":"POST /api/v1/auth/detect 200 46 - 0.460 ms","timestamp":"2026-05-06 08:16:26"}
{"level":"info","message":"POST /api/v1/auth/detect 200 119 - 0.392 ms","timestamp":"2026-05-06 08:16:27"}
{"level":"info","message":"POST /api/v1/auth/detect 200 46 - 0.307 ms","timestamp":"2026-05-06 08:16:29"}
{"level":"info","message":"POST /api/v1/auth/detect 200 45 - 0.449 ms","timestamp":"2026-05-06 08:16:30"}
{"level":"info","message":"POST /api/v1/auth/detect 200 46 - 0.337 ms","timestamp":"2026-05-06 08:16:33"}
{"level":"info","message":"Registered: richobrezault354 via username","timestamp":"2026-05-06 08:16:45"}
{"level":"info","message":"POST /api/v1/auth/register 201 586 - 465.301 ms","timestamp":"2026-05-06 08:16:45"}
{"level":"info","message":"WS connected: ::1","timestamp":"2026-05-06 08:16:46"}
{"level":"info","message":"GET /api/v1/markets?status=active&limit=50&sort=volume 304 - - 3.035 ms","timestamp":"2026-05-06 08:16:46"}
{"level":"info","message":"GET /api/v1/wallet/transactions?limit=5 304 - - 1.712 ms","timestamp":"2026-05-06 08:16:46"}
{"level":"info","message":"GET /api/v1/markets?status=active&limit=50&sort=volume 304 - - 2.788 ms","timestamp":"2026-05-06 08:16:46"}
{"level":"info","message":"GET /api/v1/wallet/transactions?limit=5 304 - - 1.462 ms","timestamp":"2026-05-06 08:16:46"}
{"level":"info","message":"WS connected: ::1","timestamp":"2026-05-06 08:16:46"}
{"level":"info","message":"GET /api/v1/auth/me 200 314 - 1.543 ms","timestamp":"2026-05-06 08:16:50"}
{"level":"info","message":"GET /api/v1/auth/me 304 - - 1.427 ms","timestamp":"2026-05-06 08:16:50"}
{"level":"info","message":"Login: admin via email","timestamp":"2026-05-06 08:17:12"}
{"level":"info","message":"POST /api/v1/auth/login 200 595 - 471.726 ms","timestamp":"2026-05-06 08:17:12"}
{"level":"info","message":"GET /api/v1/admin/stats 200 255 - 3.366 ms","timestamp":"2026-05-06 08:17:12"}
{"level":"info","message":"GET /api/v1/admin/stats 304 - - 3.124 ms","timestamp":"2026-05-06 08:17:12"}
{"level":"info","message":"GET /api/v1/admin/users?limit=100 200 756 - 2.371 ms","timestamp":"2026-05-06 08:17:14"}
{"level":"info","message":"GET /api/v1/admin/users?limit=100 304 - - 1.098 ms","timestamp":"2026-05-06 08:17:14"}
{"level":"info","message":"PATCH /api/v1/admin/users/9ddb2fa4-9525-4546-96fd-d71fbee9516c 200 152 - 3.960 ms","timestamp":"2026-05-06 08:17:19"}
{"level":"info","message":"GET /api/v1/admin/users?limit=100 200 762 - 3.096 ms","timestamp":"2026-05-06 08:17:19"}
{"level":"info","message":"GET /api/v1/auth/me 200 325 - 2.245 ms","timestamp":"2026-05-06 08:17:23"}
{"level":"info","message":"GET /api/v1/auth/me 304 - - 1.204 ms","timestamp":"2026-05-06 08:17:23"}
{"level":"info","message":"WS connected: ::1","timestamp":"2026-05-06 08:17:23"}
{"level":"info","message":"GET /api/v1/markets?status=active&limit=50&sort=volume 304 - - 3.117 ms","timestamp":"2026-05-06 08:17:23"}
{"level":"info","message":"GET /api/v1/wallet/transactions?limit=5 304 - - 1.985 ms","timestamp":"2026-05-06 08:17:23"}
{"level":"info","message":"GET /api/v1/markets?status=active&limit=50&sort=volume 304 - - 2.948 ms","timestamp":"2026-05-06 08:17:23"}
{"level":"info","message":"GET /api/v1/wallet/transactions?limit=5 304 - - 1.157 ms","timestamp":"2026-05-06 08:17:23"}
{"level":"info","message":"WS connected: ::1","timestamp":"2026-05-06 08:17:23"}
{"level":"info","message":"POST /api/v1/auth/logout 200 23 - 0.574 ms","timestamp":"2026-05-06 08:17:31"}
{"level":"info","message":"GET /api/v1/wallet/transactions?limit=5 401 26 - 0.157 ms","timestamp":"2026-05-06 08:17:31"}
{"level":"info","message":"POST /api/v1/auth/refresh 401 33 - 0.270 ms","timestamp":"2026-05-06 08:17:31"}
{"level":"info","message":"POST /api/v1/auth/detect 200 46 - 0.292 ms","timestamp":"2026-05-06 08:17:34"}
{"level":"info","message":"Login: richobrezault354 via username","timestamp":"2026-05-06 08:17:36"}
{"level":"info","message":"POST /api/v1/auth/login 200 592 - 467.671 ms","timestamp":"2026-05-06 08:17:36"}
{"level":"info","message":"WS connected: ::1","timestamp":"2026-05-06 08:17:36"}
{"level":"info","message":"GET /api/v1/markets?status=active&limit=50&sort=volume 304 - - 2.199 ms","timestamp":"2026-05-06 08:17:36"}
{"level":"info","message":"GET /api/v1/wallet/transactions?limit=5 304 - - 1.219 ms","timestamp":"2026-05-06 08:17:36"}
{"level":"info","message":"GET /api/v1/markets?status=active&limit=50&sort=volume 304 - - 2.139 ms","timestamp":"2026-05-06 08:17:36"}
{"level":"info","message":"GET /api/v1/wallet/transactions?limit=5 304 - - 1.279 ms","timestamp":"2026-05-06 08:17:36"}
{"level":"info","message":"WS connected: ::1","timestamp":"2026-05-06 08:17:36"}
{"level":"info","message":"WS connected: ::1","timestamp":"2026-05-06 08:18:03"}
{"level":"info","message":"GET /api/v1/auth/me 200 337 - 1.303 ms","timestamp":"2026-05-06 08:18:08"}
{"level":"info","message":"GET /api/v1/auth/me 304 - - 0.779 ms","timestamp":"2026-05-06 08:18:08"}
{"level":"info","message":"GET /api/v1/markets/bitcoin-100k-2025 200 756 - 1.188 ms","timestamp":"2026-05-06 08:18:27"}
{"level":"info","message":"WS connected: ::1","timestamp":"2026-05-06 08:18:27"}
{"level":"info","message":"WS connected: ::1","timestamp":"2026-05-06 08:18:27"}
{"level":"info","message":"GET /api/v1/markets/bitcoin-100k-2025 304 - - 1.571 ms","timestamp":"2026-05-06 08:18:27"}
{"level":"info","message":"WS connected: ::1","timestamp":"2026-05-06 08:18:27"}
{"level":"info","message":"GET /api/v1/markets/48b61ba5-409a-4c27-a3be-e5ef0f75414e/price-history?hours=168 200 - - 0.824 ms","timestamp":"2026-05-06 08:18:27"}
{"level":"info","message":"GET /api/v1/markets/48b61ba5-409a-4c27-a3be-e5ef0f75414e/price-history?hours=168 304 - - 1.544 ms","timestamp":"2026-05-06 08:18:27"}
{"level":"info","message":"Bet 60c2eed0-0150-4b5c-a0b5-0610ed99af4e: richobrezault354 → yes 500 HTG @ 1.8182","timestamp":"2026-05-06 08:18:51"}
{"level":"info","message":"POST /api/v1/markets/48b61ba5-409a-4c27-a3be-e5ef0f75414e/bet 201 941 - 13.446 ms","timestamp":"2026-05-06 08:18:51"}
{"level":"info","message":"WS connected: ::1","timestamp":"2026-05-06 08:20:11"}
{"level":"info","message":"GET /api/v1/markets/bitcoin-100k-2025 200 784 - 1.321 ms","timestamp":"2026-05-06 08:20:11"}
{"level":"info","message":"GET /api/v1/markets/48b61ba5-409a-4c27-a3be-e5ef0f75414e/price-history?hours=168 200 - - 0.621 ms","timestamp":"2026-05-06 08:20:11"}
{"level":"info","message":"GET /api/v1/markets/48b61ba5-409a-4c27-a3be-e5ef0f75414e/price-history?hours=168 304 - - 0.877 ms","timestamp":"2026-05-06 08:20:11"}
{"level":"info","message":"GET /api/v1/markets/bitcoin-100k-2025 304 - - 1.415 ms","timestamp":"2026-05-06 08:20:13"}
{"level":"info","message":"WS connected: ::1","timestamp":"2026-05-06 08:20:13"}
{"level":"info","message":"GET /api/v1/markets/48b61ba5-409a-4c27-a3be-e5ef0f75414e/price-history?hours=168 304 - - 0.664 ms","timestamp":"2026-05-06 08:20:13"}
{"level":"info","message":"GET /api/v1/markets/48b61ba5-409a-4c27-a3be-e5ef0f75414e/price-history?hours=168 304 - - 1.189 ms","timestamp":"2026-05-06 08:20:13"}
{"level":"info","message":"WS connected: ::1","timestamp":"2026-05-06 08:20:13"}
{"level":"info","message":"GET /api/v1/markets/bitcoin-100k-2025 304 - - 0.552 ms","timestamp":"2026-05-06 08:20:13"}
{"level":"info","message":"GET /api/v1/markets/48b61ba5-409a-4c27-a3be-e5ef0f75414e/price-history?hours=168 304 - - 0.545 ms","timestamp":"2026-05-06 08:20:13"}
{"level":"info","message":"GET /api/v1/markets/48b61ba5-409a-4c27-a3be-e5ef0f75414e/price-history?hours=168 304 - - 0.851 ms","timestamp":"2026-05-06 08:20:13"}
{"level":"info","message":"Bet c1e69047-4665-4858-accd-e2329a54b68f: richobrezault354 → yes 500 HTG @ 1.8178","timestamp":"2026-05-06 08:20:34"}
{"level":"info","message":"POST /api/v1/markets/48b61ba5-409a-4c27-a3be-e5ef0f75414e/bet 201 939 - 8.109 ms","timestamp":"2026-05-06 08:20:34"}
{"level":"info","message":"WS connected: ::1","timestamp":"2026-05-06 08:20:47"}
{"level":"info","message":"GET /api/v1/markets/bitcoin-100k-2025 200 782 - 1.373 ms","timestamp":"2026-05-06 08:20:47"}
{"level":"info","message":"GET /api/v1/markets/48b61ba5-409a-4c27-a3be-e5ef0f75414e/price-history?hours=168 200 - - 0.629 ms","timestamp":"2026-05-06 08:20:47"}
{"level":"info","message":"GET /api/v1/markets/48b61ba5-409a-4c27-a3be-e5ef0f75414e/price-history?hours=168 304 - - 0.643 ms","timestamp":"2026-05-06 08:20:47"}
{"level":"info","message":"WS connected: ::1","timestamp":"2026-05-06 08:20:51"}
{"level":"info","message":"GET /api/v1/markets/bitcoin-100k-2025 304 - - 0.731 ms","timestamp":"2026-05-06 08:20:51"}
{"level":"info","message":"GET /api/v1/markets/48b61ba5-409a-4c27-a3be-e5ef0f75414e/price-history?hours=168 304 - - 1.402 ms","timestamp":"2026-05-06 08:20:51"}
{"level":"info","message":"GET /api/v1/markets/48b61ba5-409a-4c27-a3be-e5ef0f75414e/price-history?hours=168 304 - - 0.915 ms","timestamp":"2026-05-06 08:20:51"}
{"level":"info","message":"GET /api/v1/markets/bitcoin-100k-2025 304 - - 0.488 ms","timestamp":"2026-05-06 08:20:52"}
{"level":"info","message":"WS connected: ::1","timestamp":"2026-05-06 08:20:52"}
{"level":"info","message":"GET /api/v1/markets/48b61ba5-409a-4c27-a3be-e5ef0f75414e/price-history?hours=168 304 - - 0.701 ms","timestamp":"2026-05-06 08:20:52"}
{"level":"info","message":"GET /api/v1/markets/48b61ba5-409a-4c27-a3be-e5ef0f75414e/price-history?hours=168 304 - - 0.592 ms","timestamp":"2026-05-06 08:20:52"}
{"level":"info","message":"WS connected: ::1","timestamp":"2026-05-06 08:20:53"}
{"level":"info","message":"GET /api/v1/markets/bitcoin-100k-2025 304 - - 0.675 ms","timestamp":"2026-05-06 08:20:53"}
{"level":"info","message":"GET /api/v1/markets/48b61ba5-409a-4c27-a3be-e5ef0f75414e/price-history?hours=168 304 - - 0.602 ms","timestamp":"2026-05-06 08:20:53"}
{"level":"info","message":"GET /api/v1/markets/48b61ba5-409a-4c27-a3be-e5ef0f75414e/price-history?hours=168 304 - - 0.548 ms","timestamp":"2026-05-06 08:20:53"}
{"level":"info","message":"Bet 298013c1-32b3-4be4-ba64-907f0172e824: richobrezault354 → yes 500 HTG @ 1.8142","timestamp":"2026-05-06 08:21:08"}
{"level":"info","message":"POST /api/v1/markets/48b61ba5-409a-4c27-a3be-e5ef0f75414e/bet 201 942 - 34.789 ms","timestamp":"2026-05-06 08:21:08"}
{"level":"info","message":"WS connected: ::1","timestamp":"2026-05-06 08:21:25"}
{"level":"info","message":"GET /api/v1/markets/bitcoin-100k-2025 200 785 - 0.885 ms","timestamp":"2026-05-06 08:21:25"}
{"level":"info","message":"GET /api/v1/markets/48b61ba5-409a-4c27-a3be-e5ef0f75414e/price-history?hours=168 200 - - 0.688 ms","timestamp":"2026-05-06 08:21:25"}
{"level":"info","message":"GET /api/v1/markets/48b61ba5-409a-4c27-a3be-e5ef0f75414e/price-history?hours=168 304 - - 0.569 ms","timestamp":"2026-05-06 08:21:25"}
{"level":"info","message":"WS connected: ::1","timestamp":"2026-05-06 08:21:33"}
{"level":"info","message":"GET /api/v1/markets/bitcoin-100k-2025 304 - - 0.503 ms","timestamp":"2026-05-06 08:21:33"}
{"level":"info","message":"GET /api/v1/markets/48b61ba5-409a-4c27-a3be-e5ef0f75414e/price-history?hours=168 304 - - 0.644 ms","timestamp":"2026-05-06 08:21:33"}
{"level":"info","message":"GET /api/v1/markets/48b61ba5-409a-4c27-a3be-e5ef0f75414e/price-history?hours=168 304 - - 0.958 ms","timestamp":"2026-05-06 08:21:33"}
{"level":"info","message":"WS connected: ::1","timestamp":"2026-05-06 08:21:34"}
{"level":"info","message":"GET /api/v1/markets/bitcoin-100k-2025 304 - - 0.469 ms","timestamp":"2026-05-06 08:21:34"}
{"level":"info","message":"GET /api/v1/markets/48b61ba5-409a-4c27-a3be-e5ef0f75414e/price-history?hours=168 304 - - 0.753 ms","timestamp":"2026-05-06 08:21:34"}
{"level":"info","message":"GET /api/v1/markets/48b61ba5-409a-4c27-a3be-e5ef0f75414e/price-history?hours=168 304 - - 0.938 ms","timestamp":"2026-05-06 08:21:34"}
{"level":"info","message":"WS connected: ::1","timestamp":"2026-05-06 08:21:37"}
{"level":"info","message":"GET /api/v1/markets/bitcoin-100k-2025 304 - - 0.440 ms","timestamp":"2026-05-06 08:21:37"}
{"level":"info","message":"GET /api/v1/markets/48b61ba5-409a-4c27-a3be-e5ef0f75414e/price-history?hours=168 304 - - 0.510 ms","timestamp":"2026-05-06 08:21:37"}
{"level":"info","message":"GET /api/v1/markets/48b61ba5-409a-4c27-a3be-e5ef0f75414e/price-history?hours=168 304 - - 0.525 ms","timestamp":"2026-05-06 08:21:37"}
{"level":"info","message":"GET /api/v1/markets/bitcoin-100k-2025 304 - - 0.453 ms","timestamp":"2026-05-06 08:21:38"}
{"level":"info","message":"WS connected: ::1","timestamp":"2026-05-06 08:21:38"}
{"level":"info","message":"GET /api/v1/markets/48b61ba5-409a-4c27-a3be-e5ef0f75414e/price-history?hours=168 304 - - 0.627 ms","timestamp":"2026-05-06 08:21:38"}
{"level":"info","message":"GET /api/v1/markets/48b61ba5-409a-4c27-a3be-e5ef0f75414e/price-history?hours=168 304 - - 1.038 ms","timestamp":"2026-05-06 08:21:38"}
{"level":"info","message":"WS connected: ::1","timestamp":"2026-05-06 08:21:44"}
{"level":"info","message":"GET /api/v1/markets/bitcoin-100k-2025 304 - - 0.722 ms","timestamp":"2026-05-06 08:21:44"}
{"level":"info","message":"GET /api/v1/markets/48b61ba5-409a-4c27-a3be-e5ef0f75414e/price-history?hours=168 304 - - 0.727 ms","timestamp":"2026-05-06 08:21:44"}
{"level":"info","message":"GET /api/v1/markets/48b61ba5-409a-4c27-a3be-e5ef0f75414e/price-history?hours=168 304 - - 0.740 ms","timestamp":"2026-05-06 08:21:44"}
{"level":"info","message":"WS connected: ::1","timestamp":"2026-05-06 08:21:45"}
{"level":"info","message":"GET /api/v1/markets/bitcoin-100k-2025 304 - - 0.496 ms","timestamp":"2026-05-06 08:21:45"}
{"level":"info","message":"GET /api/v1/markets/48b61ba5-409a-4c27-a3be-e5ef0f75414e/price-history?hours=168 304 - - 0.547 ms","timestamp":"2026-05-06 08:21:45"}
{"level":"info","message":"GET /api/v1/markets/48b61ba5-409a-4c27-a3be-e5ef0f75414e/price-history?hours=168 304 - - 0.597 ms","timestamp":"2026-05-06 08:21:45"}
{"level":"info","message":"WS connected: ::1","timestamp":"2026-05-06 08:21:48"}
{"level":"info","message":"GET /api/v1/markets/bitcoin-100k-2025 304 - - 1.327 ms","timestamp":"2026-05-06 08:21:48"}
{"level":"info","message":"GET /api/v1/markets/48b61ba5-409a-4c27-a3be-e5ef0f75414e/price-history?hours=168 304 - - 1.045 ms","timestamp":"2026-05-06 08:21:48"}
{"level":"info","message":"GET /api/v1/markets/48b61ba5-409a-4c27-a3be-e5ef0f75414e/price-history?hours=168 304 - - 0.916 ms","timestamp":"2026-05-06 08:21:48"}
{"level":"info","message":"WS connected: ::1","timestamp":"2026-05-06 08:21:49"}
{"level":"info","message":"GET /api/v1/markets/bitcoin-100k-2025 304 - - 0.627 ms","timestamp":"2026-05-06 08:21:49"}
{"level":"info","message":"GET /api/v1/markets/48b61ba5-409a-4c27-a3be-e5ef0f75414e/price-history?hours=168 304 - - 0.592 ms","timestamp":"2026-05-06 08:21:49"}
{"level":"info","message":"GET /api/v1/markets/48b61ba5-409a-4c27-a3be-e5ef0f75414e/price-history?hours=168 304 - - 0.538 ms","timestamp":"2026-05-06 08:21:49"}
{"level":"info","message":"Bet 99c4fc57-2fd7-43af-9a2c-bcafe196fe7e: richobrezault354 → yes 500 HTG @ 1.8106","timestamp":"2026-05-06 08:22:08"}
{"level":"info","message":"POST /api/v1/markets/48b61ba5-409a-4c27-a3be-e5ef0f75414e/bet 201 942 - 5.240 ms","timestamp":"2026-05-06 08:22:08"}
{"level":"info","message":"WS connected: ::1","timestamp":"2026-05-06 08:22:30"}
{"level":"info","message":"GET /api/v1/markets/bitcoin-100k-2025 200 785 - 0.862 ms","timestamp":"2026-05-06 08:22:30"}
{"level":"info","message":"GET /api/v1/markets/48b61ba5-409a-4c27-a3be-e5ef0f75414e/price-history?hours=168 200 - - 1.392 ms","timestamp":"2026-05-06 08:22:30"}
{"level":"info","message":"GET /api/v1/markets/48b61ba5-409a-4c27-a3be-e5ef0f75414e/price-history?hours=168 304 - - 0.726 ms","timestamp":"2026-05-06 08:22:30"}
{"level":"info","message":"WS connected: ::1","timestamp":"2026-05-06 08:22:32"}
{"level":"info","message":"GET /api/v1/markets/bitcoin-100k-2025 304 - - 1.019 ms","timestamp":"2026-05-06 08:22:32"}
{"level":"info","message":"GET /api/v1/markets/48b61ba5-409a-4c27-a3be-e5ef0f75414e/price-history?hours=168 304 - - 0.672 ms","timestamp":"2026-05-06 08:22:32"}
{"level":"info","message":"GET /api/v1/markets/48b61ba5-409a-4c27-a3be-e5ef0f75414e/price-history?hours=168 304 - - 0.769 ms","timestamp":"2026-05-06 08:22:32"}
{"level":"info","message":"GET /api/v1/markets/bitcoin-100k-2025 304 - - 0.784 ms","timestamp":"2026-05-06 08:23:03"}
{"level":"info","message":"WS connected: ::1","timestamp":"2026-05-06 08:23:03"}
{"level":"info","message":"GET /api/v1/markets/48b61ba5-409a-4c27-a3be-e5ef0f75414e/price-history?hours=168 304 - - 0.636 ms","timestamp":"2026-05-06 08:23:03"}
{"level":"info","message":"GET /api/v1/markets/48b61ba5-409a-4c27-a3be-e5ef0f75414e/price-history?hours=168 304 - - 0.904 ms","timestamp":"2026-05-06 08:23:03"}
{"level":"info","message":"WS connected: ::1","timestamp":"2026-05-06 08:23:20"}
{"level":"info","message":"GET /api/v1/markets/bitcoin-100k-2025 304 - - 0.607 ms","timestamp":"2026-05-06 08:23:20"}
{"level":"info","message":"GET /api/v1/markets/48b61ba5-409a-4c27-a3be-e5ef0f75414e/price-history?hours=168 304 - - 0.777 ms","timestamp":"2026-05-06 08:23:20"}
{"level":"info","message":"GET /api/v1/markets/48b61ba5-409a-4c27-a3be-e5ef0f75414e/price-history?hours=168 304 - - 0.544 ms","timestamp":"2026-05-06 08:23:20"}
{"level":"info","message":"WS connected: ::1","timestamp":"2026-05-06 08:23:21"}
{"level":"info","message":"GET /api/v1/markets/bitcoin-100k-2025 304 - - 0.468 ms","timestamp":"2026-05-06 08:23:21"}
{"level":"info","message":"GET /api/v1/markets/48b61ba5-409a-4c27-a3be-e5ef0f75414e/price-history?hours=168 304 - - 0.678 ms","timestamp":"2026-05-06 08:23:21"}
{"level":"info","message":"GET /api/v1/markets/48b61ba5-409a-4c27-a3be-e5ef0f75414e/price-history?hours=168 304 - - 0.540 ms","timestamp":"2026-05-06 08:23:21"}
{"level":"info","message":"Bet 00045417-ce63-486c-a65f-490b75052f99: richobrezault354 → yes 2500 HTG @ 1.8070","timestamp":"2026-05-06 08:23:38"}
{"level":"info","message":"POST /api/v1/markets/48b61ba5-409a-4c27-a3be-e5ef0f75414e/bet 201 944 - 6.957 ms","timestamp":"2026-05-06 08:23:38"}
{"level":"info","message":"GET /api/v1/auth/me 200 337 - 1.075 ms","timestamp":"2026-05-06 08:25:20"}
{"level":"info","message":"GET /api/v1/markets/bitcoin-100k-2025 200 785 - 0.527 ms","timestamp":"2026-05-06 08:25:20"}
{"level":"info","message":"WS connected: ::1","timestamp":"2026-05-06 08:25:20"}
{"level":"info","message":"GET /api/v1/markets/bitcoin-100k-2025 304 - - 0.600 ms","timestamp":"2026-05-06 08:25:20"}
{"level":"info","message":"WS connected: ::1","timestamp":"2026-05-06 08:25:21"}
{"level":"info","message":"WS connected: ::1","timestamp":"2026-05-06 08:25:21"}
{"level":"info","message":"GET /api/v1/markets/48b61ba5-409a-4c27-a3be-e5ef0f75414e/price-history?hours=168 200 - - 0.914 ms","timestamp":"2026-05-06 08:25:21"}
{"level":"info","message":"GET /api/v1/markets/48b61ba5-409a-4c27-a3be-e5ef0f75414e/price-history?hours=168 304 - - 0.722 ms","timestamp":"2026-05-06 08:25:21"}
{"level":"info","message":"GET /api/v1/auth/me 304 - - 0.951 ms","timestamp":"2026-05-06 08:25:26"}
{"level":"info","message":"GET /api/v1/markets/bitcoin-100k-2025 304 - - 1.994 ms","timestamp":"2026-05-06 08:25:26"}
{"level":"info","message":"WS connected: ::1","timestamp":"2026-05-06 08:25:26"}
{"level":"info","message":"GET /api/v1/markets/bitcoin-100k-2025 304 - - 0.993 ms","timestamp":"2026-05-06 08:25:26"}
{"level":"info","message":"WS connected: ::1","timestamp":"2026-05-06 08:25:26"}
{"level":"info","message":"WS connected: ::1","timestamp":"2026-05-06 08:25:26"}
{"level":"info","message":"GET /api/v1/markets/48b61ba5-409a-4c27-a3be-e5ef0f75414e/price-history?hours=168 304 - - 1.847 ms","timestamp":"2026-05-06 08:25:26"}
{"level":"info","message":"GET /api/v1/markets/48b61ba5-409a-4c27-a3be-e5ef0f75414e/price-history?hours=168 304 - - 0.945 ms","timestamp":"2026-05-06 08:25:27"}
{"level":"info","message":"GET /api/v1/auth/me 304 - - 1.033 ms","timestamp":"2026-05-06 08:25:28"}
{"level":"info","message":"WS connected: ::1","timestamp":"2026-05-06 08:25:28"}
{"level":"info","message":"GET /api/v1/markets/bitcoin-100k-2025 304 - - 0.670 ms","timestamp":"2026-05-06 08:25:28"}
{"level":"info","message":"GET /api/v1/markets/bitcoin-100k-2025 304 - - 0.578 ms","timestamp":"2026-05-06 08:25:28"}
{"level":"info","message":"WS connected: ::1","timestamp":"2026-05-06 08:25:28"}
{"level":"info","message":"WS connected: ::1","timestamp":"2026-05-06 08:25:28"}
{"level":"info","message":"GET /api/v1/markets/48b61ba5-409a-4c27-a3be-e5ef0f75414e/price-history?hours=168 304 - - 0.720 ms","timestamp":"2026-05-06 08:25:28"}
{"level":"info","message":"GET /api/v1/markets/48b61ba5-409a-4c27-a3be-e5ef0f75414e/price-history?hours=168 304 - - 0.559 ms","timestamp":"2026-05-06 08:25:28"}
{"level":"info","message":"GET /api/v1/auth/me 304 - - 1.318 ms","timestamp":"2026-05-06 08:25:30"}
{"level":"info","message":"GET /api/v1/markets/bitcoin-100k-2025 304 - - 1.004 ms","timestamp":"2026-05-06 08:25:30"}
{"level":"info","message":"WS connected: ::1","timestamp":"2026-05-06 08:25:30"}
{"level":"info","message":"WS connected: ::1","timestamp":"2026-05-06 08:25:30"}
{"level":"info","message":"GET /api/v1/markets/bitcoin-100k-2025 304 - - 0.666 ms","timestamp":"2026-05-06 08:25:30"}
{"level":"info","message":"WS connected: ::1","timestamp":"2026-05-06 08:25:30"}
{"level":"info","message":"GET /api/v1/markets/48b61ba5-409a-4c27-a3be-e5ef0f75414e/price-history?hours=168 304 - - 0.713 ms","timestamp":"2026-05-06 08:25:30"}
{"level":"info","message":"GET /api/v1/markets/48b61ba5-409a-4c27-a3be-e5ef0f75414e/price-history?hours=168 304 - - 0.622 ms","timestamp":"2026-05-06 08:25:30"}
{"level":"info","message":"WS connected: ::1","timestamp":"2026-05-06 08:25:56"}
{"level":"info","message":"GET /api/v1/markets/bitcoin-100k-2025 304 - - 0.505 ms","timestamp":"2026-05-06 08:25:56"}
{"level":"info","message":"GET /api/v1/markets/48b61ba5-409a-4c27-a3be-e5ef0f75414e/price-history?hours=168 304 - - 0.514 ms","timestamp":"2026-05-06 08:25:56"}
{"level":"info","message":"GET /api/v1/markets/48b61ba5-409a-4c27-a3be-e5ef0f75414e/price-history?hours=168 304 - - 0.928 ms","timestamp":"2026-05-06 08:25:56"}
{"level":"info","message":"WS connected: ::1","timestamp":"2026-05-06 08:25:58"}
{"level":"info","message":"GET /api/v1/markets/bitcoin-100k-2025 304 - - 0.561 ms","timestamp":"2026-05-06 08:25:58"}
{"level":"info","message":"GET /api/v1/markets/48b61ba5-409a-4c27-a3be-e5ef0f75414e/price-history?hours=168 304 - - 1.036 ms","timestamp":"2026-05-06 08:25:58"}
{"level":"info","message":"GET /api/v1/markets/48b61ba5-409a-4c27-a3be-e5ef0f75414e/price-history?hours=168 304 - - 1.105 ms","timestamp":"2026-05-06 08:25:58"}
{"level":"info","message":"WS connected: ::1","timestamp":"2026-05-06 08:25:59"}
{"level":"info","message":"GET /api/v1/markets/bitcoin-100k-2025 304 - - 0.641 ms","timestamp":"2026-05-06 08:25:59"}
{"level":"info","message":"GET /api/v1/markets/48b61ba5-409a-4c27-a3be-e5ef0f75414e/price-history?hours=168 304 - - 0.720 ms","timestamp":"2026-05-06 08:25:59"}
{"level":"info","message":"GET /api/v1/markets/48b61ba5-409a-4c27-a3be-e5ef0f75414e/price-history?hours=168 304 - - 1.063 ms","timestamp":"2026-05-06 08:25:59"}
{"level":"info","message":"Bet 24130768-5e21-49d1-b506-d34e14804fc2: richobrezault354 → yes 25000 HTG @ 1.7897","timestamp":"2026-05-06 08:26:27"}
{"level":"info","message":"POST /api/v1/markets/48b61ba5-409a-4c27-a3be-e5ef0f75414e/bet 201 946 - 5.041 ms","timestamp":"2026-05-06 08:26:27"}
{"level":"info","message":"WS connected: ::1","timestamp":"2026-05-06 08:28:09"}
{"level":"info","message":"GET /api/v1/markets/bitcoin-100k-2025 200 785 - 1.465 ms","timestamp":"2026-05-06 08:28:09"}
{"level":"info","message":"GET /api/v1/markets/48b61ba5-409a-4c27-a3be-e5ef0f75414e/price-history?hours=168 200 - - 1.130 ms","timestamp":"2026-05-06 08:28:10"}
{"level":"info","message":"GET /api/v1/markets/48b61ba5-409a-4c27-a3be-e5ef0f75414e/price-history?hours=168 304 - - 1.730 ms","timestamp":"2026-05-06 08:28:10"}
{"level":"info","message":"WS connected: ::1","timestamp":"2026-05-06 08:28:12"}
{"level":"info","message":"GET /api/v1/markets/bitcoin-100k-2025 304 - - 0.587 ms","timestamp":"2026-05-06 08:28:12"}
{"level":"info","message":"GET /api/v1/markets/48b61ba5-409a-4c27-a3be-e5ef0f75414e/price-history?hours=168 304 - - 0.840 ms","timestamp":"2026-05-06 08:28:12"}
{"level":"info","message":"GET /api/v1/markets/48b61ba5-409a-4c27-a3be-e5ef0f75414e/price-history?hours=168 304 - - 4.743 ms","timestamp":"2026-05-06 08:28:12"}
{"level":"info","message":"GET /api/v1/markets/bitcoin-100k-2025 304 - - 1.312 ms","timestamp":"2026-05-06 08:28:13"}
{"level":"info","message":"WS connected: ::1","timestamp":"2026-05-06 08:28:13"}
{"level":"info","message":"GET /api/v1/markets/48b61ba5-409a-4c27-a3be-e5ef0f75414e/price-history?hours=168 304 - - 2.018 ms","timestamp":"2026-05-06 08:28:14"}
{"level":"info","message":"GET /api/v1/markets/48b61ba5-409a-4c27-a3be-e5ef0f75414e/price-history?hours=168 304 - - 1.286 ms","timestamp":"2026-05-06 08:28:14"}
{"level":"info","message":"WS connected: ::1","timestamp":"2026-05-06 08:28:14"}
{"level":"info","message":"GET /api/v1/markets/bitcoin-100k-2025 304 - - 0.577 ms","timestamp":"2026-05-06 08:28:14"}
{"level":"info","message":"GET /api/v1/markets/48b61ba5-409a-4c27-a3be-e5ef0f75414e/price-history?hours=168 304 - - 1.093 ms","timestamp":"2026-05-06 08:28:15"}
{"level":"info","message":"GET /api/v1/markets/48b61ba5-409a-4c27-a3be-e5ef0f75414e/price-history?hours=168 304 - - 1.496 ms","timestamp":"2026-05-06 08:28:15"}
{"level":"info","message":"Bet d8e26b33-1e80-4b79-9e0a-efde6c97094c: richobrezault354 → yes 1000 HTG @ 1.6502","timestamp":"2026-05-06 08:28:36"}
{"level":"info","message":"POST /api/v1/markets/48b61ba5-409a-4c27-a3be-e5ef0f75414e/bet 201 944 - 4.696 ms","timestamp":"2026-05-06 08:28:36"}
{"level":"info","message":"WS connected: ::1","timestamp":"2026-05-06 08:29:07"}
{"level":"info","message":"GET /api/v1/markets/bitcoin-100k-2025 200 785 - 1.320 ms","timestamp":"2026-05-06 08:29:07"}
{"level":"info","message":"GET /api/v1/markets/48b61ba5-409a-4c27-a3be-e5ef0f75414e/price-history?hours=168 200 - - 0.569 ms","timestamp":"2026-05-06 08:29:07"}
{"level":"info","message":"GET /api/v1/markets/48b61ba5-409a-4c27-a3be-e5ef0f75414e/price-history?hours=168 304 - - 0.569 ms","timestamp":"2026-05-06 08:29:07"}
{"level":"info","message":"WS connected: ::1","timestamp":"2026-05-06 08:29:15"}
{"level":"info","message":"GET /api/v1/markets/bitcoin-100k-2025 304 - - 0.741 ms","timestamp":"2026-05-06 08:29:15"}
{"level":"info","message":"GET /api/v1/markets/48b61ba5-409a-4c27-a3be-e5ef0f75414e/price-history?hours=168 304 - - 0.939 ms","timestamp":"2026-05-06 08:29:15"}
{"level":"info","message":"GET /api/v1/markets/48b61ba5-409a-4c27-a3be-e5ef0f75414e/price-history?hours=168 304 - - 1.863 ms","timestamp":"2026-05-06 08:29:15"}
{"level":"info","message":"WS connected: ::1","timestamp":"2026-05-06 08:29:16"}
{"level":"info","message":"GET /api/v1/markets/bitcoin-100k-2025 304 - - 0.634 ms","timestamp":"2026-05-06 08:29:16"}
{"level":"info","message":"GET /api/v1/markets/48b61ba5-409a-4c27-a3be-e5ef0f75414e/price-history?hours=168 304 - - 0.921 ms","timestamp":"2026-05-06 08:29:16"}
{"level":"info","message":"GET /api/v1/markets/48b61ba5-409a-4c27-a3be-e5ef0f75414e/price-history?hours=168 304 - - 0.644 ms","timestamp":"2026-05-06 08:29:16"}
{"level":"info","message":"GET /api/v1/auth/me 401 26 - 0.245 ms","timestamp":"2026-05-06 08:33:21"}
{"level":"info","message":"WS connected: ::1","timestamp":"2026-05-06 08:33:21"}
{"level":"info","message":"GET /api/v1/markets/bitcoin-100k-2025 304 - - 0.479 ms","timestamp":"2026-05-06 08:33:21"}
{"level":"info","message":"WS connected: ::1","timestamp":"2026-05-06 08:33:22"}
{"level":"info","message":"GET /api/v1/markets/bitcoin-100k-2025 304 - - 0.446 ms","timestamp":"2026-05-06 08:33:22"}
{"level":"info","message":"GET /api/v1/auth/me 401 26 - 0.286 ms","timestamp":"2026-05-06 08:33:32"}
{"level":"info","message":"GET /api/v1/auth/me 401 26 - 0.167 ms","timestamp":"2026-05-06 08:33:32"}
{"level":"info","message":"GET /api/v1/markets?status=active&limit=100&category=politik&sort=volume 200 - - 4.977 ms","timestamp":"2026-05-06 08:33:32"}
{"level":"info","message":"GET /api/v1/auth/me 200 337 - 2.302 ms","timestamp":"2026-05-06 08:33:32"}
{"level":"info","message":"GET /api/v1/auth/me 304 - - 15.099 ms","timestamp":"2026-05-06 08:33:32"}
{"level":"info","message":"GET /api/v1/auth/me 401 26 - 0.204 ms","timestamp":"2026-05-06 08:33:33"}
{"level":"info","message":"GET /api/v1/auth/me 401 26 - 0.155 ms","timestamp":"2026-05-06 08:33:33"}
{"level":"info","message":"GET /api/v1/auth/me 304 - - 1.494 ms","timestamp":"2026-05-06 08:33:38"}
{"level":"info","message":"GET /api/v1/auth/me 304 - - 1.239 ms","timestamp":"2026-05-06 08:33:38"}
{"level":"info","message":"GET /api/v1/auth/me 401 26 - 0.211 ms","timestamp":"2026-05-06 08:33:48"}
{"level":"info","message":"GET /api/v1/auth/me 401 26 - 0.207 ms","timestamp":"2026-05-06 08:33:48"}
{"level":"info","message":"GET /api/v1/auth/me 401 26 - 18.184 ms","timestamp":"2026-05-06 08:34:33"}
{"level":"info","message":"GET /api/v1/auth/me 401 26 - 0.169 ms","timestamp":"2026-05-06 08:34:33"}
{"level":"info","message":"GET /api/v1/auth/me 401 26 - 0.137 ms","timestamp":"2026-05-06 08:34:33"}
{"level":"info","message":"GET /api/v1/markets?status=active&limit=100&category=politik&sort=volume 304 - - 2.570 ms","timestamp":"2026-05-06 08:34:33"}
{"level":"info","message":"GET /api/v1/auth/me 401 26 - 0.143 ms","timestamp":"2026-05-06 08:34:34"}
{"level":"info","message":"GET /api/v1/auth/me 401 26 - 0.098 ms","timestamp":"2026-05-06 08:34:34"}
{"level":"info","message":"GET /api/v1/markets?status=active&limit=100&category=politik&sort=volume 304 - - 1.887 ms","timestamp":"2026-05-06 08:34:34"}
{"level":"info","message":"GET /api/v1/markets?status=active&limit=100&category=politik&sort=volume 304 - - 3.482 ms","timestamp":"2026-05-06 08:34:34"}
{"level":"info","message":"GET /api/v1/markets?status=active&limit=100&sort=volume 200 - - 3.302 ms","timestamp":"2026-05-06 08:34:38"}
{"level":"info","message":"GET /api/v1/auth/me 401 26 - 0.322 ms","timestamp":"2026-05-06 08:34:54"}
{"level":"info","message":"GET /api/v1/auth/me 401 26 - 0.135 ms","timestamp":"2026-05-06 08:34:54"}
{"level":"info","message":"GET /api/v1/markets?status=active&limit=100&sort=volume 304 - - 3.406 ms","timestamp":"2026-05-06 08:34:54"}
{"level":"info","message":"GET /api/v1/markets?status=active&limit=100&sort=volume 304 - - 2.706 ms","timestamp":"2026-05-06 08:34:54"}
{"level":"info","message":"WS connected: ::1","timestamp":"2026-05-06 08:35:13"}
{"level":"info","message":"GET /api/v1/markets/bitcoin-100k-2025 304 - - 1.830 ms","timestamp":"2026-05-06 08:35:13"}
{"level":"info","message":"GET /api/v1/auth/me 304 - - 1.979 ms","timestamp":"2026-05-06 08:35:13"}
{"level":"info","message":"GET /api/v1/markets/bitcoin-100k-2025 304 - - 0.826 ms","timestamp":"2026-05-06 08:35:13"}
{"level":"info","message":"WS connected: ::1","timestamp":"2026-05-06 08:35:13"}
{"level":"info","message":"GET /api/v1/auth/me 304 - - 1.434 ms","timestamp":"2026-05-06 08:35:13"}
{"level":"info","message":"WS connected: ::1","timestamp":"2026-05-06 08:35:14"}
{"level":"info","message":"GET /api/v1/markets/48b61ba5-409a-4c27-a3be-e5ef0f75414e/price-history?hours=168 304 - - 1.234 ms","timestamp":"2026-05-06 08:35:14"}
{"level":"info","message":"GET /api/v1/markets/48b61ba5-409a-4c27-a3be-e5ef0f75414e/price-history?hours=168 304 - - 1.647 ms","timestamp":"2026-05-06 08:35:14"}
{"level":"info","message":"WS connected: ::1","timestamp":"2026-05-06 08:35:14"}
{"level":"info","message":"GET /api/v1/markets/bitcoin-100k-2025 304 - - 0.599 ms","timestamp":"2026-05-06 08:35:14"}
{"level":"info","message":"GET /api/v1/markets/48b61ba5-409a-4c27-a3be-e5ef0f75414e/price-history?hours=168 304 - - 0.595 ms","timestamp":"2026-05-06 08:35:15"}
{"level":"info","message":"GET /api/v1/markets/48b61ba5-409a-4c27-a3be-e5ef0f75414e/price-history?hours=168 304 - - 0.887 ms","timestamp":"2026-05-06 08:35:15"}
{"level":"info","message":"GET /api/v1/auth/me 304 - - 2.416 ms","timestamp":"2026-05-06 08:35:27"}
{"level":"info","message":"GET /api/v1/auth/me 304 - - 1.722 ms","timestamp":"2026-05-06 08:35:27"}
{"level":"info","message":"WS connected: ::1","timestamp":"2026-05-06 08:35:27"}
{"level":"info","message":"GET /api/v1/markets/bitcoin-100k-2025 304 - - 0.612 ms","timestamp":"2026-05-06 08:35:27"}
{"level":"info","message":"GET /api/v1/markets/bitcoin-100k-2025 304 - - 0.647 ms","timestamp":"2026-05-06 08:35:27"}
{"level":"info","message":"WS connected: ::1","timestamp":"2026-05-06 08:35:27"}
{"level":"info","message":"WS connected: ::1","timestamp":"2026-05-06 08:35:27"}
{"level":"info","message":"GET /api/v1/markets/48b61ba5-409a-4c27-a3be-e5ef0f75414e/price-history?hours=168 304 - - 0.725 ms","timestamp":"2026-05-06 08:35:27"}
{"level":"info","message":"GET /api/v1/markets/48b61ba5-409a-4c27-a3be-e5ef0f75414e/price-history?hours=168 304 - - 1.108 ms","timestamp":"2026-05-06 08:35:27"}
{"level":"info","message":"GET /api/v1/markets/sekirite-pap-gang-40-pct 200 791 - 0.472 ms","timestamp":"2026-05-06 08:35:28"}
{"level":"info","message":"GET /api/v1/markets/a47a8992-8188-4ec1-bb09-f1033be9dd6a/price-history?hours=168 200 - - 0.635 ms","timestamp":"2026-05-06 08:35:28"}
{"level":"info","message":"WS connected: ::1","timestamp":"2026-05-06 08:35:28"}
{"level":"info","message":"GET /api/v1/markets?status=active&limit=100&sort=volume 304 - - 2.881 ms","timestamp":"2026-05-06 08:35:47"}
{"level":"info","message":"GET /api/v1/markets?status=active&limit=100&sort=volume 304 - - 1.812 ms","timestamp":"2026-05-06 08:35:47"}
{"level":"info","message":"GET /api/v1/auth/me 401 26 - 0.206 ms","timestamp":"2026-05-06 08:35:49"}
{"level":"info","message":"GET /api/v1/auth/me 401 26 - 0.106 ms","timestamp":"2026-05-06 08:35:49"}
{"level":"info","message":"GET /api/v1/markets/bitcoin-100k-2025 200 785 - 1.059 ms","timestamp":"2026-05-06 08:35:49"}
{"level":"info","message":"GET /api/v1/markets/48b61ba5-409a-4c27-a3be-e5ef0f75414e/price-history?hours=168 200 - - 1.113 ms","timestamp":"2026-05-06 08:35:49"}
{"level":"info","message":"GET /api/v1/auth/me 304 - - 0.658 ms","timestamp":"2026-05-06 08:35:58"}
{"level":"info","message":"GET /api/v1/auth/me 304 - - 0.922 ms","timestamp":"2026-05-06 08:35:58"}
{"level":"info","message":"WS connected: ::1","timestamp":"2026-05-06 08:35:58"}
{"level":"info","message":"GET /api/v1/markets/bitcoin-100k-2025 304 - - 0.509 ms","timestamp":"2026-05-06 08:35:58"}
{"level":"info","message":"GET /api/v1/markets/bitcoin-100k-2025 304 - - 0.589 ms","timestamp":"2026-05-06 08:35:58"}
{"level":"info","message":"WS connected: ::1","timestamp":"2026-05-06 08:35:58"}
{"level":"info","message":"WS connected: ::1","timestamp":"2026-05-06 08:35:58"}
{"level":"info","message":"GET /api/v1/markets/48b61ba5-409a-4c27-a3be-e5ef0f75414e/price-history?hours=168 304 - - 0.726 ms","timestamp":"2026-05-06 08:35:58"}
{"level":"info","message":"GET /api/v1/markets/48b61ba5-409a-4c27-a3be-e5ef0f75414e/price-history?hours=168 304 - - 0.979 ms","timestamp":"2026-05-06 08:35:58"}
{"level":"info","message":"GET /api/v1/markets/48b61ba5-409a-4c27-a3be-e5ef0f75414e/price-history?hours=6 200 - - 0.797 ms","timestamp":"2026-05-06 08:36:15"}
{"level":"info","message":"GET /api/v1/markets/48b61ba5-409a-4c27-a3be-e5ef0f75414e/price-history?hours=1 200 - - 0.643 ms","timestamp":"2026-05-06 08:36:15"}
{"level":"info","message":"GET /api/v1/markets/48b61ba5-409a-4c27-a3be-e5ef0f75414e/price-history?hours=6 304 - - 0.770 ms","timestamp":"2026-05-06 08:36:17"}
{"level":"info","message":"GET /api/v1/markets/48b61ba5-409a-4c27-a3be-e5ef0f75414e/price-history?hours=168 304 - - 0.825 ms","timestamp":"2026-05-06 08:36:18"}
{"level":"info","message":"WS connected: ::1","timestamp":"2026-05-06 08:36:38"}
{"level":"info","message":"GET /api/v1/auth/me 401 26 - 0.211 ms","timestamp":"2026-05-06 08:36:38"}
{"level":"info","message":"GET /api/v1/auth/me 401 26 - 0.160 ms","timestamp":"2026-05-06 08:36:38"}
{"level":"info","message":"GET /api/v1/markets/bitcoin-100k-2025 304 - - 0.578 ms","timestamp":"2026-05-06 08:36:38"}
{"level":"info","message":"GET /api/v1/markets/bitcoin-100k-2025 304 - - 0.359 ms","timestamp":"2026-05-06 08:36:38"}
{"level":"info","message":"WS connected: ::1","timestamp":"2026-05-06 08:36:38"}
{"level":"info","message":"GET /api/v1/markets/48b61ba5-409a-4c27-a3be-e5ef0f75414e/price-history?hours=168 304 - - 0.548 ms","timestamp":"2026-05-06 08:36:38"}
{"level":"info","message":"GET /api/v1/markets/48b61ba5-409a-4c27-a3be-e5ef0f75414e/price-history?hours=168 304 - - 0.476 ms","timestamp":"2026-05-06 08:36:38"}
{"level":"info","message":"WS connected: ::1","timestamp":"2026-05-06 08:36:38"}
{"level":"info","message":"GET /api/v1/auth/me 401 26 - 0.201 ms","timestamp":"2026-05-06 08:37:12"}
{"level":"info","message":"GET /api/v1/auth/me 401 26 - 0.179 ms","timestamp":"2026-05-06 08:37:12"}
{"level":"info","message":"GET /api/v1/markets?status=active&limit=100&sort=volume 304 - - 5.638 ms","timestamp":"2026-05-06 08:37:12"}
{"level":"info","message":"GET /api/v1/markets?status=active&limit=100&sort=volume 304 - - 3.150 ms","timestamp":"2026-05-06 08:37:12"}
{"level":"info","message":"GET /api/v1/markets?status=active&limit=100&category=sosyal&sort=volume 200 - - 2.401 ms","timestamp":"2026-05-06 08:37:16"}
{"level":"error","message":"Unhandled: CORS blocked: http://172.20.10.2:3000","timestamp":"2026-05-06 08:37:27"}
{"level":"error","message":"Unhandled: CORS blocked: http://172.20.10.2:3000","timestamp":"2026-05-06 08:37:27"}
{"level":"error","message":"Unhandled: CORS blocked: http://172.20.10.2:3000","timestamp":"2026-05-06 08:37:30"}
{"level":"error","message":"Unhandled: CORS blocked: http://172.20.10.2:3000","timestamp":"2026-05-06 08:37:30"}
{"level":"info","message":"GET /api/v1/wallet/transactions?limit=5 401 26 - 0.302 ms","timestamp":"2026-05-06 08:37:32"}
{"level":"info","message":"GET /api/v1/markets?status=active&limit=50&sort=volume 200 - - 3.342 ms","timestamp":"2026-05-06 08:37:32"}
{"level":"error","message":"Unhandled: CORS blocked: http://172.20.10.2:3000","timestamp":"2026-05-06 08:37:32"}
{"level":"info","message":"GET /api/v1/markets?status=active&limit=100&category=spo&sort=volume 200 - - 1.710 ms","timestamp":"2026-05-06 08:37:33"}
{"level":"info","message":"GET /api/v1/markets?status=active&limit=50&sort=volume 304 - - 2.872 ms","timestamp":"2026-05-06 08:37:35"}
{"level":"info","message":"GET /api/v1/wallet/transactions?limit=5 401 26 - 0.130 ms","timestamp":"2026-05-06 08:37:35"}
{"level":"info","message":"GET /api/v1/wallet/transactions?limit=5 401 26 - 0.090 ms","timestamp":"2026-05-06 08:37:35"}
{"level":"info","message":"GET /api/v1/markets?status=active&limit=50&sort=volume 304 - - 4.595 ms","timestamp":"2026-05-06 08:37:35"}
{"level":"error","message":"Unhandled: CORS blocked: http://172.20.10.2:3000","timestamp":"2026-05-06 08:37:35"}
{"level":"info","message":"WS connected: ::1","timestamp":"2026-05-06 08:37:37"}
{"level":"info","message":"GET /api/v1/markets?status=active&limit=100&category=politik&sort=volume 304 - - 2.440 ms","timestamp":"2026-05-06 08:37:38"}
{"level":"info","message":"GET /api/v1/markets?status=active&limit=100&category=politik&sort=volume 304 - - 2.305 ms","timestamp":"2026-05-06 08:37:38"}
{"level":"info","message":"GET /api/v1/auth/me 401 26 - 0.206 ms","timestamp":"2026-05-06 08:37:42"}
{"level":"info","message":"GET /api/v1/auth/me 401 26 - 0.114 ms","timestamp":"2026-05-06 08:37:42"}
{"level":"info","message":"GET /api/v1/markets/eleksyon-prezidansyel-2026-ayiti 200 892 - 1.816 ms","timestamp":"2026-05-06 08:37:42"}
{"level":"info","message":"WS connected: ::1","timestamp":"2026-05-06 08:37:42"}
{"level":"info","message":"WS connected: ::1","timestamp":"2026-05-06 08:37:42"}
{"level":"info","message":"GET /api/v1/markets/2e06452b-3505-478b-924b-085951b1f245/price-history?hours=168 200 - - 28.194 ms","timestamp":"2026-05-06 08:37:42"}
{"level":"info","message":"GET /api/v1/auth/me 401 26 - 0.226 ms","timestamp":"2026-05-06 08:37:48"}
{"level":"info","message":"GET /api/v1/auth/me 401 26 - 0.275 ms","timestamp":"2026-05-06 08:37:48"}
{"level":"info","message":"GET /api/v1/markets?status=active&limit=100&category=politik&sort=volume 304 - - 32.074 ms","timestamp":"2026-05-06 08:37:48"}
{"level":"info","message":"GET /api/v1/markets?status=active&limit=100&category=politik&sort=volume 304 - - 3.002 ms","timestamp":"2026-05-06 08:37:48"}
{"level":"info","message":"GET /api/v1/markets?status=active&limit=50&sort=volume 304 - - 2.709 ms","timestamp":"2026-05-06 08:37:49"}
{"level":"info","message":"GET /api/v1/wallet/transactions?limit=5 401 26 - 0.135 ms","timestamp":"2026-05-06 08:37:49"}
{"level":"info","message":"GET /api/v1/markets?status=active&limit=50&sort=volume 304 - - 1.994 ms","timestamp":"2026-05-06 08:37:49"}
{"level":"info","message":"GET /api/v1/wallet/transactions?limit=5 401 26 - 0.181 ms","timestamp":"2026-05-06 08:37:49"}
{"level":"info","message":"WS connected: ::1","timestamp":"2026-05-06 08:37:49"}
{"level":"error","message":"Unhandled: CORS blocked: http://172.20.10.2:3000","timestamp":"2026-05-06 08:37:49"}
{"level":"info","message":"GET /api/v1/markets?status=active&limit=50&sort=volume 304 - - 24.576 ms","timestamp":"2026-05-06 08:37:55"}
{"level":"info","message":"GET /api/v1/markets?status=active&limit=50&sort=volume 304 - - 2.224 ms","timestamp":"2026-05-06 08:37:55"}
{"level":"info","message":"GET /api/v1/wallet/transactions?limit=5 401 26 - 0.111 ms","timestamp":"2026-05-06 08:37:55"}
{"level":"info","message":"GET /api/v1/wallet/transactions?limit=5 401 26 - 0.075 ms","timestamp":"2026-05-06 08:37:55"}
{"level":"error","message":"Unhandled: CORS blocked: http://172.20.10.2:3000","timestamp":"2026-05-06 08:37:55"}
{"level":"info","message":"GET /api/v1/auth/me 304 - - 1.946 ms","timestamp":"2026-05-06 08:38:23"}
{"level":"info","message":"GET /api/v1/auth/me 304 - - 1.101 ms","timestamp":"2026-05-06 08:38:23"}
{"level":"info","message":"WS connected: ::1","timestamp":"2026-05-06 08:38:23"}
{"level":"info","message":"GET /api/v1/markets/bitcoin-100k-2025 304 - - 0.533 ms","timestamp":"2026-05-06 08:38:23"}
{"level":"info","message":"GET /api/v1/markets/bitcoin-100k-2025 304 - - 0.442 ms","timestamp":"2026-05-06 08:38:23"}
{"level":"info","message":"WS connected: ::1","timestamp":"2026-05-06 08:38:23"}
{"level":"info","message":"GET /api/v1/markets/48b61ba5-409a-4c27-a3be-e5ef0f75414e/price-history?hours=168 304 - - 0.772 ms","timestamp":"2026-05-06 08:38:23"}
{"level":"info","message":"GET /api/v1/markets/48b61ba5-409a-4c27-a3be-e5ef0f75414e/price-history?hours=168 304 - - 0.604 ms","timestamp":"2026-05-06 08:38:23"}
{"level":"info","message":"WS connected: ::1","timestamp":"2026-05-06 08:38:23"}
